[2026-02-12T04:52:03.132Z] [Sentinel] 🚀 Owen Sentinel v2 starting — 10-second execution loop
[2026-02-12T04:52:03.136Z] [Sentinel]    Board: 15 | Max positions: 5 | TP: 10% | SL: 5%
[2026-02-12T04:52:03.666Z] [Sentinel] 📊 Cycle #1 | Active: 5 [PAXG(L-0.6%) BERA(S-5.7%) S(S-0.3%) SOL(L+0.2%) ETH(L+0.4%)] | Analyzing: 45 | Exits: 0 | Entries: 0 | Partials: 0
[2026-02-12T04:53:42.824Z] [Sentinel] Shutting down...
[2026-02-12T04:53:44.008Z] [Sentinel] 🚀 Owen Sentinel v2 starting — 10-second execution loop
[2026-02-12T04:53:44.012Z] [Sentinel]    Board: 15 | Max positions: 5 | TP: 10% | SL: 5%
[2026-02-12T04:53:44.673Z] [Sentinel] 📊 Cycle #1 | Active: 5 [PAXG(L-0.6%) BERA(S-5.5%) S(S+0.2%) SOL(L+0.1%) ETH(L+0.2%)] | Analyzing: 45 | Exits: 0 | Entries: 0 | Partials: 0
[2026-02-12T04:54:10.858Z] [Sentinel] Shutting down...
[2026-02-12T04:54:11.999Z] [Sentinel] 🚀 Owen Sentinel v2 starting — 10-second execution loop
[2026-02-12T04:54:12.003Z] [Sentinel]    Board: 15 | Max positions: 5 | TP: 10% | SL: 5%
[2026-02-12T04:54:12.546Z] [Sentinel] 📊 Cycle #1 | Active: 5 [PAXG(L-0.6%) BERA(S-4.8%) S(S+0.2%) SOL(L+0.1%) ETH(L+0.2%)] | Analyzing: 45 | Exits: 0 | Entries: 0 | Partials: 0
[2026-02-12T04:56:43.911Z] [Sentinel] Shutting down...
[2026-02-12T04:56:45.097Z] [Sentinel] 🚀 Owen Sentinel v2 starting — 10-second execution loop
[2026-02-12T04:56:45.101Z] [Sentinel]    Board: 15 | Max positions: 5 | TP: 10% | SL: 5%
[2026-02-12T04:56:45.623Z] [Sentinel] 📊 Cycle #1 | Active: 5 [PAXG(L-0.5%) BERA(S-3.9%) S(S+0.2%) SOL(L+0.0%) ETH(L+0.3%)] | Analyzing: 45 | Exits: 0 | Entries: 0 | Partials: 0
[2026-02-12T04:57:45.410Z] [Sentinel] 📊 Cycle #7 | Active: 5 [PAXG(L-0.5%) BERA(S-3.5%) S(S+0.6%) SOL(L+0.0%) ETH(L+0.3%)] | Analyzing: 45 | Exits: 0 | Entries: 0 | Partials: 0
[2026-02-12T04:58:45.548Z] [Sentinel] 📊 Cycle #13 | Active: 5 [PAXG(L-0.4%) BERA(S-4.3%) S(S+0.6%) SOL(L-0.0%) ETH(L+0.2%)] | Analyzing: 45 | Exits: 0 | Entries: 0 | Partials: 0
[2026-02-12T04:59:45.755Z] [Sentinel] 📊 Cycle #19 | Active: 5 [PAXG(L-0.4%) BERA(S-4.1%) S(S+0.8%) SOL(L-0.1%) ETH(L+0.1%)] | Analyzing: 45 | Exits: 0 | Entries: 0 | Partials: 0
[2026-02-12T05:00:45.453Z] [Sentinel] 📊 Cycle #25 | Active: 5 [PAXG(L-0.5%) BERA(S-4.3%) S(S+0.6%) SOL(L-0.2%) ETH(L+0.1%)] | Analyzing: 45 | Exits: 0 | Entries: 0 | Partials: 0
[2026-02-12T05:01:45.906Z] [Sentinel] 📊 Cycle #31 | Active: 4 [PAXG(L-0.5%) S(S+0.7%) SOL(L-0.1%) ETH(L+0.2%)] | Analyzing: 45 | Exits: 0 | Entries: 0 | Partials: 0
[2026-02-12T05:02:45.894Z] [Sentinel] 📊 Cycle #37 | Active: 4 [PAXG(L-0.5%) S(S+0.7%) SOL(L+0.0%) ETH(L+0.3%)] | Analyzing: 45 | Exits: 0 | Entries: 0 | Partials: 0
[2026-02-12T05:03:45.583Z] [Sentinel] 📊 Cycle #43 | Active: 4 [PAXG(L-0.5%) S(S+0.8%) SOL(L+0.0%) ETH(L+0.3%)] | Analyzing: 45 | Exits: 0 | Entries: 0 | Partials: 0
[2026-02-12T05:04:45.685Z] [Sentinel] 📊 Cycle #49 | Active: 4 [PAXG(L-0.4%) S(S+1.1%) SOL(L-0.0%) ETH(L+0.3%)] | Analyzing: 45 | Exits: 0 | Entries: 0 | Partials: 0
[2026-02-12T05:05:45.449Z] [Sentinel] 📊 Cycle #55 | Active: 4 [PAXG(L-0.4%) S(S+1.1%) SOL(L-0.0%) ETH(L+0.3%)] | Analyzing: 45 | Exits: 0 | Entries: 0 | Partials: 0
[2026-02-12T05:06:45.609Z] [Sentinel] 📊 Cycle #61 | Active: 4 [PAXG(L-0.3%) S(S+1.1%) SOL(L-0.0%) ETH(L+0.3%)] | Analyzing: 45 | Exits: 0 | Entries: 0 | Partials: 0
[2026-02-12T05:07:45.763Z] [Sentinel] 📊 Cycle #67 | Active: 4 [PAXG(L-0.3%) S(S+1.1%) SOL(L-0.0%) ETH(L+0.3%)] | Analyzing: 45 | Exits: 0 | Entries: 0 | Partials: 0
[2026-02-12T05:08:45.492Z] [Sentinel] 📊 Cycle #73 | Active: 4 [PAXG(L-0.3%) S(S+1.3%) SOL(L-0.1%) ETH(L+0.2%)] | Analyzing: 45 | Exits: 0 | Entries: 0 | Partials: 0
[2026-02-12T05:09:45.657Z] [Sentinel] 📊 Cycle #79 | Active: 4 [PAXG(L-0.3%) S(S+1.3%) SOL(L-0.1%) ETH(L+0.2%)] | Analyzing: 45 | Exits: 0 | Entries: 0 | Partials: 0
[2026-02-12T05:10:45.493Z] [Sentinel] 📊 Cycle #85 | Active: 4 [PAXG(L-0.3%) S(S+1.5%) SOL(L-0.1%) ETH(L+0.1%)] | Analyzing: 45 | Exits: 0 | Entries: 0 | Partials: 0
[2026-02-12T05:11:45.483Z] [Sentinel] 📊 Cycle #91 | Active: 4 [PAXG(L-0.3%) S(S+1.8%) SOL(L-0.3%) ETH(L+0.0%)] | Analyzing: 45 | Exits: 0 | Entries: 0 | Partials: 0
[2026-02-12T05:12:45.658Z] [Sentinel] 📊 Cycle #97 | Active: 4 [PAXG(L-0.3%) S(S+1.9%) SOL(L-0.4%) ETH(L-0.0%)] | Analyzing: 45 | Exits: 0 | Entries: 0 | Partials: 0
[2026-02-12T05:13:45.547Z] [Sentinel] 📊 Cycle #103 | Active: 4 [PAXG(L-0.3%) S(S+1.7%) SOL(L-0.5%) ETH(L-0.2%)] | Analyzing: 45 | Exits: 0 | Entries: 0 | Partials: 0
[2026-02-12T05:14:45.788Z] [Sentinel] 📊 Cycle #109 | Active: 4 [PAXG(L-0.3%) S(S+1.7%) SOL(L-0.7%) ETH(L-0.3%)] | Analyzing: 45 | Exits: 0 | Entries: 0 | Partials: 0
[2026-02-12T05:15:45.654Z] [Sentinel] 📊 Cycle #115 | Active: 4 [PAXG(L-0.3%) S(S+1.9%) SOL(L-0.6%) ETH(L-0.2%)] | Analyzing: 45 | Exits: 0 | Entries: 0 | Partials: 0
[2026-02-12T05:16:45.533Z] [Sentinel] 📊 Cycle #121 | Active: 4 [PAXG(L-0.3%) S(S+2.2%) SOL(L-0.7%) ETH(L-0.2%)] | Analyzing: 45 | Exits: 0 | Entries: 0 | Partials: 0
[2026-02-12T05:17:45.868Z] [Sentinel] 📊 Cycle #127 | Active: 4 [PAXG(L-0.3%) S(S+2.3%) SOL(L-0.9%) ETH(L-0.4%)] | Analyzing: 45 | Exits: 0 | Entries: 0 | Partials: 0
[2026-02-12T05:18:45.526Z] [Sentinel] 📊 Cycle #133 | Active: 4 [PAXG(L-0.3%) S(S+2.2%) SOL(L-0.9%) ETH(L-0.4%)] | Analyzing: 45 | Exits: 0 | Entries: 0 | Partials: 0
[2026-02-12T05:19:45.669Z] [Sentinel] 📊 Cycle #139 | Active: 4 [PAXG(L-0.3%) S(S+2.3%) SOL(L-0.9%) ETH(L-0.5%)] | Analyzing: 45 | Exits: 0 | Entries: 0 | Partials: 0
[2026-02-12T05:20:45.528Z] [Sentinel] 📊 Cycle #145 | Active: 4 [PAXG(L-0.3%) S(S+1.8%) SOL(L-0.6%) ETH(L-0.2%)] | Analyzing: 45 | Exits: 0 | Entries: 0 | Partials: 0
[2026-02-12T05:21:45.823Z] [Sentinel] 📊 Cycle #151 | Active: 4 [PAXG(L-0.3%) S(S+1.9%) SOL(L-0.4%) ETH(L-0.1%)] | Analyzing: 45 | Exits: 0 | Entries: 0 | Partials: 0
[2026-02-12T05:22:45.613Z] [Sentinel] 📊 Cycle #157 | Active: 4 [PAXG(L-0.3%) S(S+1.9%) SOL(L-0.4%) ETH(L-0.1%)] | Analyzing: 45 | Exits: 0 | Entries: 0 | Partials: 0
[2026-02-12T05:23:45.551Z] [Sentinel] 📊 Cycle #163 | Active: 4 [PAXG(L-0.4%) S(S+1.9%) SOL(L-0.4%) ETH(L-0.1%)] | Analyzing: 45 | Exits: 0 | Entries: 0 | Partials: 0
[2026-02-12T05:24:45.884Z] [Sentinel] 📊 Cycle #169 | Active: 4 [PAXG(L-0.3%) S(S+1.9%) SOL(L-0.4%) ETH(L-0.1%)] | Analyzing: 45 | Exits: 0 | Entries: 0 | Partials: 0
[2026-02-12T05:25:45.614Z] [Sentinel] 📊 Cycle #175 | Active: 4 [PAXG(L-0.3%) S(S+2.1%) SOL(L-0.3%) ETH(L-0.0%)] | Analyzing: 45 | Exits: 0 | Entries: 0 | Partials: 0
[2026-02-12T05:26:45.569Z] [Sentinel] 📊 Cycle #181 | Active: 4 [PAXG(L-0.3%) S(S+2.3%) SOL(L-0.3%) ETH(L-0.0%)] | Analyzing: 45 | Exits: 0 | Entries: 0 | Partials: 0
[2026-02-12T05:27:45.791Z] [Sentinel] 📊 Cycle #187 | Active: 4 [PAXG(L-0.3%) S(S+2.5%) SOL(L-0.3%) ETH(L-0.1%)] | Analyzing: 45 | Exits: 0 | Entries: 0 | Partials: 0
[2026-02-12T05:28:45.948Z] [Sentinel] 📊 Cycle #193 | Active: 4 [PAXG(L-0.4%) S(S+2.6%) SOL(L-0.4%) ETH(L-0.1%)] | Analyzing: 45 | Exits: 0 | Entries: 0 | Partials: 0
[2026-02-12T05:29:45.675Z] [Sentinel] 📊 Cycle #199 | Active: 4 [PAXG(L-0.4%) S(S+3.1%) SOL(L-0.2%) ETH(L-0.1%)] | Analyzing: 45 | Exits: 0 | Entries: 0 | Partials: 0
[2026-02-12T05:30:46.115Z] [Sentinel] 📊 Cycle #205 | Active: 4 [PAXG(L-0.4%) S(S+2.8%) SOL(L-0.2%) ETH(L-0.1%)] | Analyzing: 45 | Exits: 0 | Entries: 0 | Partials: 0
[2026-02-12T05:31:45.635Z] [Sentinel] 📊 Cycle #211 | Active: 4 [PAXG(L-0.4%) S(S+2.4%) SOL(L-0.0%) ETH(L+0.1%)] | Analyzing: 45 | Exits: 0 | Entries: 0 | Partials: 0
[2026-02-12T05:32:45.607Z] [Sentinel] 📊 Cycle #217 | Active: 4 [PAXG(L-0.4%) S(S+2.5%) SOL(L+0.2%) ETH(L+0.2%)] | Analyzing: 45 | Exits: 0 | Entries: 0 | Partials: 0
[2026-02-12T05:33:45.677Z] [Sentinel] 📊 Cycle #223 | Active: 4 [PAXG(L-0.5%) S(S+2.2%) SOL(L+0.1%) ETH(L+0.3%)] | Analyzing: 45 | Exits: 0 | Entries: 0 | Partials: 0
[2026-02-12T05:34:45.866Z] [Sentinel] 📊 Cycle #229 | Active: 4 [PAXG(L-0.5%) S(S+2.3%) SOL(L+0.1%) ETH(L+0.3%)] | Analyzing: 45 | Exits: 0 | Entries: 0 | Partials: 0
[2026-02-12T05:35:45.632Z] [Sentinel] 📊 Cycle #235 | Active: 4 [PAXG(L-0.5%) S(S+2.4%) SOL(L+0.0%) ETH(L+0.2%)] | Analyzing: 45 | Exits: 0 | Entries: 0 | Partials: 0
[2026-02-12T05:36:45.799Z] [Sentinel] 📊 Cycle #241 | Active: 4 [PAXG(L-0.5%) S(S+2.5%) SOL(L+0.1%) ETH(L+0.2%)] | Analyzing: 45 | Exits: 0 | Entries: 0 | Partials: 0
[2026-02-12T05:37:45.663Z] [Sentinel] 📊 Cycle #247 | Active: 4 [PAXG(L-0.5%) S(S+2.6%) SOL(L-0.0%) ETH(L+0.1%)] | Analyzing: 45 | Exits: 0 | Entries: 0 | Partials: 0
[2026-02-12T05:38:45.652Z] [Sentinel] 📊 Cycle #253 | Active: 4 [PAXG(L-0.5%) S(S+2.7%) SOL(L-0.1%) ETH(L+0.1%)] | Analyzing: 47 | Exits: 0 | Entries: 0 | Partials: 0
[2026-02-12T05:39:45.689Z] [Sentinel] 📊 Cycle #259 | Active: 4 [PAXG(L-0.5%) S(S+2.5%) SOL(L-0.1%) ETH(L+0.1%)] | Analyzing: 47 | Exits: 0 | Entries: 0 | Partials: 0
[2026-02-12T05:40:45.837Z] [Sentinel] 📊 Cycle #265 | Active: 4 [PAXG(L-0.5%) S(S+2.3%) SOL(L+0.0%) ETH(L+0.2%)] | Analyzing: 47 | Exits: 0 | Entries: 0 | Partials: 0
[2026-02-12T05:41:46.052Z] [Sentinel] 📊 Cycle #271 | Active: 4 [PAXG(L-0.5%) S(S+2.4%) SOL(L+0.0%) ETH(L+0.2%)] | Analyzing: 47 | Exits: 0 | Entries: 0 | Partials: 0
[2026-02-12T05:42:45.846Z] [Sentinel] 📊 Cycle #277 | Active: 4 [PAXG(L-0.4%) S(S+2.4%) SOL(L+0.1%) ETH(L+0.3%)] | Analyzing: 47 | Exits: 0 | Entries: 0 | Partials: 0
[2026-02-12T05:43:45.758Z] [Sentinel] 📊 Cycle #283 | Active: 4 [PAXG(L-0.4%) S(S+2.4%) SOL(L+0.2%) ETH(L+0.3%)] | Analyzing: 47 | Exits: 0 | Entries: 0 | Partials: 0
[2026-02-12T05:44:45.875Z] [Sentinel] 📊 Cycle #289 | Active: 4 [PAXG(L-0.4%) S(S+2.7%) SOL(L+0.2%) ETH(L+0.3%)] | Analyzing: 47 | Exits: 0 | Entries: 0 | Partials: 0
[2026-02-12T05:45:45.994Z] [Sentinel] 📊 Cycle #295 | Active: 4 [PAXG(L-0.4%) S(S+2.5%) SOL(L+0.3%) ETH(L+0.4%)] | Analyzing: 47 | Exits: 0 | Entries: 0 | Partials: 0
[2026-02-12T05:46:45.740Z] [Sentinel] 📊 Cycle #301 | Active: 4 [PAXG(L-0.4%) S(S+2.7%) SOL(L+0.2%) ETH(L+0.4%)] | Analyzing: 47 | Exits: 0 | Entries: 0 | Partials: 0
[2026-02-12T05:47:45.915Z] [Sentinel] 📊 Cycle #307 | Active: 4 [PAXG(L-0.4%) S(S+2.7%) SOL(L+0.1%) ETH(L+0.2%)] | Analyzing: 47 | Exits: 0 | Entries: 0 | Partials: 0
[2026-02-12T05:48:45.948Z] [Sentinel] 📊 Cycle #313 | Active: 4 [PAXG(L-0.4%) S(S+2.6%) SOL(L+0.2%) ETH(L+0.3%)] | Analyzing: 47 | Exits: 0 | Entries: 0 | Partials: 0
[2026-02-12T05:49:45.836Z] [Sentinel] 📊 Cycle #319 | Active: 4 [PAXG(L-0.4%) S(S+2.7%) SOL(L+0.0%) ETH(L+0.2%)] | Analyzing: 47 | Exits: 0 | Entries: 0 | Partials: 0
[2026-02-12T05:50:46.045Z] [Sentinel] 📊 Cycle #325 | Active: 4 [PAXG(L-0.4%) S(S+2.8%) SOL(L+0.0%) ETH(L+0.2%)] | Analyzing: 47 | Exits: 0 | Entries: 0 | Partials: 0
[2026-02-12T05:51:45.807Z] [Sentinel] 📊 Cycle #331 | Active: 4 [PAXG(L-0.4%) S(S+2.7%) SOL(L+0.0%) ETH(L+0.3%)] | Analyzing: 47 | Exits: 0 | Entries: 0 | Partials: 0
[2026-02-12T05:52:46.315Z] [Sentinel] 📊 Cycle #337 | Active: 4 [PAXG(L-0.4%) S(S+2.6%) SOL(L+0.1%) ETH(L+0.3%)] | Analyzing: 47 | Exits: 0 | Entries: 0 | Partials: 0
[2026-02-12T05:53:45.905Z] [Sentinel] 📊 Cycle #343 | Active: 4 [PAXG(L-0.4%) S(S+2.5%) SOL(L+0.1%) ETH(L+0.3%)] | Analyzing: 47 | Exits: 0 | Entries: 0 | Partials: 0
[2026-02-12T05:54:46.148Z] [Sentinel] 📊 Cycle #349 | Active: 4 [PAXG(L-0.3%) S(S+2.6%) SOL(L+0.1%) ETH(L+0.3%)] | Analyzing: 47 | Exits: 0 | Entries: 0 | Partials: 0
[2026-02-12T05:55:45.986Z] [Sentinel] 📊 Cycle #355 | Active: 4 [PAXG(L-0.3%) S(S+2.6%) SOL(L+0.2%) ETH(L+0.4%)] | Analyzing: 47 | Exits: 0 | Entries: 0 | Partials: 0
[2026-02-12T05:56:45.854Z] [Sentinel] 📊 Cycle #361 | Active: 4 [PAXG(L-0.3%) S(S+2.7%) SOL(L+0.1%) ETH(L+0.4%)] | Analyzing: 47 | Exits: 0 | Entries: 0 | Partials: 0
[2026-02-12T05:57:45.871Z] [Sentinel] 📊 Cycle #367 | Active: 4 [PAXG(L-0.3%) S(S+2.6%) SOL(L+0.1%) ETH(L+0.3%)] | Analyzing: 47 | Exits: 0 | Entries: 0 | Partials: 0
[2026-02-12T05:58:45.839Z] [Sentinel] 📊 Cycle #373 | Active: 4 [PAXG(L-0.4%) S(S+2.4%) SOL(L+0.2%) ETH(L+0.3%)] | Analyzing: 47 | Exits: 0 | Entries: 0 | Partials: 0
[2026-02-12T05:59:46.097Z] [Sentinel] 📊 Cycle #379 | Active: 4 [PAXG(L-0.3%) S(S+2.4%) SOL(L+0.2%) ETH(L+0.3%)] | Analyzing: 47 | Exits: 0 | Entries: 0 | Partials: 0
[2026-02-12T06:00:46.305Z] [Sentinel] 📊 Cycle #385 | Active: 4 [PAXG(L-0.3%) S(S+2.2%) SOL(L+0.3%) ETH(L+0.4%)] | Analyzing: 47 | Exits: 0 | Entries: 0 | Partials: 0
[2026-02-12T06:01:45.910Z] [Sentinel] 📊 Cycle #391 | Active: 4 [PAXG(L-0.4%) S(S+2.2%) SOL(L+0.3%) ETH(L+0.3%)] | Analyzing: 47 | Exits: 0 | Entries: 0 | Partials: 0
[2026-02-12T06:02:45.888Z] [Sentinel] 📊 Cycle #397 | Active: 4 [PAXG(L-0.4%) S(S+2.3%) SOL(L+0.3%) ETH(L+0.4%)] | Analyzing: 47 | Exits: 0 | Entries: 0 | Partials: 0
[2026-02-12T06:03:45.900Z] [Sentinel] 📊 Cycle #403 | Active: 4 [PAXG(L-0.5%) S(S+2.3%) SOL(L+0.4%) ETH(L+0.4%)] | Analyzing: 47 | Exits: 0 | Entries: 0 | Partials: 0
[2026-02-12T06:04:46.345Z] [Sentinel] 📊 Cycle #409 | Active: 4 [PAXG(L-0.4%) S(S+2.5%) SOL(L+0.2%) ETH(L+0.2%)] | Analyzing: 47 | Exits: 0 | Entries: 0 | Partials: 0
[2026-02-12T06:05:46.150Z] [Sentinel] 📊 Cycle #415 | Active: 4 [PAXG(L-0.4%) S(S+2.5%) SOL(L+0.1%) ETH(L+0.3%)] | Analyzing: 47 | Exits: 0 | Entries: 0 | Partials: 0
[2026-02-12T06:06:45.905Z] [Sentinel] 📊 Cycle #421 | Active: 4 [PAXG(L-0.5%) S(S+2.6%) SOL(L+0.0%) ETH(L+0.2%)] | Analyzing: 47 | Exits: 0 | Entries: 0 | Partials: 0
[2026-02-12T06:07:45.903Z] [Sentinel] 📊 Cycle #427 | Active: 4 [PAXG(L-0.5%) S(S+3.0%) SOL(L+0.0%) ETH(L+0.2%)] | Analyzing: 47 | Exits: 0 | Entries: 0 | Partials: 0
[2026-02-12T06:08:45.908Z] [Sentinel] 📊 Cycle #433 | Active: 4 [PAXG(L-0.5%) S(S+3.2%) SOL(L+0.1%) ETH(L+0.2%)] | Analyzing: 48 | Exits: 0 | Entries: 0 | Partials: 0
[2026-02-12T06:09:46.372Z] [Sentinel] 📊 Cycle #439 | Active: 4 [PAXG(L-0.5%) S(S+3.1%) SOL(L+0.1%) ETH(L+0.3%)] | Analyzing: 48 | Exits: 0 | Entries: 0 | Partials: 0
[2026-02-12T06:10:45.957Z] [Sentinel] 📊 Cycle #445 | Active: 4 [PAXG(L-0.5%) S(S+2.5%) SOL(L+0.2%) ETH(L+0.3%)] | Analyzing: 48 | Exits: 0 | Entries: 0 | Partials: 0
[2026-02-12T06:11:46.088Z] [Sentinel] 📊 Cycle #451 | Active: 4 [PAXG(L-0.5%) S(S+2.6%) SOL(L+0.1%) ETH(L+0.3%)] | Analyzing: 48 | Exits: 0 | Entries: 0 | Partials: 0
[2026-02-12T06:12:46.535Z] [Sentinel] 📊 Cycle #457 | Active: 4 [PAXG(L-0.5%) S(S+2.7%) SOL(L+0.3%) ETH(L+0.4%)] | Analyzing: 48 | Exits: 0 | Entries: 0 | Partials: 0
[2026-02-12T06:13:46.163Z] [Sentinel] 📊 Cycle #463 | Active: 4 [PAXG(L-0.4%) S(S+3.2%) SOL(L+0.4%) ETH(L+0.5%)] | Analyzing: 48 | Exits: 0 | Entries: 0 | Partials: 0
[2026-02-12T06:14:46.165Z] [Sentinel] 📊 Cycle #469 | Active: 4 [PAXG(L-0.4%) S(S+3.5%) SOL(L+0.4%) ETH(L+0.5%)] | Analyzing: 48 | Exits: 0 | Entries: 0 | Partials: 0
[2026-02-12T06:15:46.215Z] [Sentinel] 📊 Cycle #475 | Active: 4 [PAXG(L-0.4%) S(S+3.4%) SOL(L+0.4%) ETH(L+0.5%)] | Analyzing: 48 | Exits: 0 | Entries: 0 | Partials: 0
[2026-02-12T06:16:45.970Z] [Sentinel] 📊 Cycle #481 | Active: 4 [PAXG(L-0.4%) S(S+3.2%) SOL(L+0.4%) ETH(L+0.5%)] | Analyzing: 48 | Exits: 0 | Entries: 0 | Partials: 0
[2026-02-12T06:17:45.970Z] [Sentinel] 📊 Cycle #487 | Active: 4 [PAXG(L-0.5%) S(S+3.1%) SOL(L+0.4%) ETH(L+0.5%)] | Analyzing: 48 | Exits: 0 | Entries: 0 | Partials: 0
[2026-02-12T06:18:45.980Z] [Sentinel] 📊 Cycle #493 | Active: 4 [PAXG(L-0.5%) S(S+3.2%) SOL(L+0.3%) ETH(L+0.4%)] | Analyzing: 48 | Exits: 0 | Entries: 0 | Partials: 0
[2026-02-12T06:19:45.998Z] [Sentinel] 📊 Cycle #499 | Active: 4 [PAXG(L-0.4%) S(S+3.2%) SOL(L+0.2%) ETH(L+0.4%)] | Analyzing: 48 | Exits: 0 | Entries: 0 | Partials: 0
[2026-02-12T06:20:46.010Z] [Sentinel] 📊 Cycle #505 | Active: 4 [PAXG(L-0.5%) S(S+3.2%) SOL(L+0.2%) ETH(L+0.4%)] | Analyzing: 48 | Exits: 0 | Entries: 0 | Partials: 0
[2026-02-12T06:21:45.992Z] [Sentinel] 📊 Cycle #511 | Active: 4 [PAXG(L-0.5%) S(S+3.2%) SOL(L+0.3%) ETH(L+0.4%)] | Analyzing: 48 | Exits: 0 | Entries: 0 | Partials: 0
[2026-02-12T06:22:45.993Z] [Sentinel] 📊 Cycle #517 | Active: 4 [PAXG(L-0.5%) S(S+3.4%) SOL(L+0.3%) ETH(L+0.4%)] | Analyzing: 48 | Exits: 0 | Entries: 0 | Partials: 0
[2026-02-12T06:23:46.034Z] [Sentinel] 📊 Cycle #523 | Active: 4 [PAXG(L-0.5%) S(S+3.3%) SOL(L+0.4%) ETH(L+0.6%)] | Analyzing: 48 | Exits: 0 | Entries: 0 | Partials: 0
[2026-02-12T06:24:46.463Z] [Sentinel] 📊 Cycle #529 | Active: 4 [PAXG(L-0.6%) S(S+2.8%) SOL(L+0.4%) ETH(L+0.5%)] | Analyzing: 48 | Exits: 0 | Entries: 0 | Partials: 0
[2026-02-12T06:25:46.165Z] [Sentinel] 📊 Cycle #535 | Active: 4 [PAXG(L-0.5%) S(S+2.5%) SOL(L+0.7%) ETH(L+0.9%)] | Analyzing: 48 | Exits: 0 | Entries: 0 | Partials: 0
[2026-02-12T06:26:46.021Z] [Sentinel] 📊 Cycle #541 | Active: 4 [PAXG(L-0.5%) S(S+2.2%) SOL(L+0.7%) ETH(L+1.0%)] | Analyzing: 48 | Exits: 0 | Entries: 0 | Partials: 0
[2026-02-12T06:27:46.033Z] [Sentinel] 📊 Cycle #547 | Active: 4 [PAXG(L-0.6%) S(S+2.2%) SOL(L+0.6%) ETH(L+1.0%)] | Analyzing: 48 | Exits: 0 | Entries: 0 | Partials: 0
[2026-02-12T06:28:46.265Z] [Sentinel] 📊 Cycle #553 | Active: 4 [PAXG(L-0.6%) S(S+2.0%) SOL(L+0.6%) ETH(L+0.9%)] | Analyzing: 48 | Exits: 0 | Entries: 0 | Partials: 0
[2026-02-12T06:29:46.069Z] [Sentinel] 📊 Cycle #559 | Active: 4 [PAXG(L-0.6%) S(S+2.4%) SOL(L+0.6%) ETH(L+0.9%)] | Analyzing: 48 | Exits: 0 | Entries: 0 | Partials: 0
[2026-02-12T06:30:46.433Z] [Sentinel] 📊 Cycle #565 | Active: 4 [PAXG(L-0.6%) S(S+2.5%) SOL(L+0.6%) ETH(L+0.9%)] | Analyzing: 48 | Exits: 0 | Entries: 0 | Partials: 0
[2026-02-12T06:31:46.226Z] [Sentinel] 📊 Cycle #571 | Active: 4 [PAXG(L-0.7%) S(S+2.5%) SOL(L+0.5%) ETH(L+0.7%)] | Analyzing: 48 | Exits: 0 | Entries: 0 | Partials: 0
[2026-02-12T06:32:46.060Z] [Sentinel] 📊 Cycle #577 | Active: 4 [PAXG(L-0.7%) S(S+2.5%) SOL(L+0.6%) ETH(L+0.8%)] | Analyzing: 48 | Exits: 0 | Entries: 0 | Partials: 0
[2026-02-12T06:33:46.278Z] [Sentinel] 📊 Cycle #583 | Active: 4 [PAXG(L-0.7%) S(S+2.8%) SOL(L+0.5%) ETH(L+0.8%)] | Analyzing: 48 | Exits: 0 | Entries: 0 | Partials: 0
[2026-02-12T06:34:46.483Z] [Sentinel] 📊 Cycle #589 | Active: 4 [PAXG(L-0.7%) S(S+3.1%) SOL(L+0.5%) ETH(L+0.7%)] | Analyzing: 48 | Exits: 0 | Entries: 0 | Partials: 0
[2026-02-12T06:35:46.079Z] [Sentinel] 📊 Cycle #595 | Active: 4 [PAXG(L-0.7%) S(S+3.1%) SOL(L+0.3%) ETH(L+0.6%)] | Analyzing: 48 | Exits: 0 | Entries: 0 | Partials: 0
[2026-02-12T06:36:46.074Z] [Sentinel] 📊 Cycle #601 | Active: 4 [PAXG(L-0.8%) S(S+3.1%) SOL(L+0.3%) ETH(L+0.6%)] | Analyzing: 48 | Exits: 0 | Entries: 0 | Partials: 0
[2026-02-12T06:37:46.306Z] [Sentinel] 📊 Cycle #607 | Active: 4 [PAXG(L-0.8%) S(S+3.0%) SOL(L+0.3%) ETH(L+0.6%)] | Analyzing: 48 | Exits: 0 | Entries: 0 | Partials: 0
[2026-02-12T06:38:46.946Z] [Sentinel] 📊 Cycle #613 | Active: 4 [PAXG(L-0.7%) S(S+3.3%) SOL(L+0.3%) ETH(L+0.6%)] | Analyzing: 48 | Exits: 0 | Entries: 0 | Partials: 0
[2026-02-12T06:39:46.096Z] [Sentinel] 📊 Cycle #619 | Active: 4 [PAXG(L-0.7%) S(S+3.2%) SOL(L+0.4%) ETH(L+0.7%)] | Analyzing: 48 | Exits: 0 | Entries: 0 | Partials: 0
[2026-02-12T06:40:46.108Z] [Sentinel] 📊 Cycle #625 | Active: 4 [PAXG(L-0.7%) S(S+3.3%) SOL(L+0.5%) ETH(L+0.7%)] | Analyzing: 48 | Exits: 0 | Entries: 0 | Partials: 0
[2026-02-12T06:41:46.337Z] [Sentinel] 📊 Cycle #631 | Active: 4 [PAXG(L-0.6%) S(S+3.1%) SOL(L+0.4%) ETH(L+0.7%)] | Analyzing: 48 | Exits: 0 | Entries: 0 | Partials: 0
[2026-02-12T06:42:46.365Z] [Sentinel] 📊 Cycle #637 | Active: 4 [PAXG(L-0.6%) S(S+2.9%) SOL(L+0.4%) ETH(L+0.6%)] | Analyzing: 48 | Exits: 0 | Entries: 0 | Partials: 0
[2026-02-12T06:43:46.131Z] [Sentinel] 📊 Cycle #643 | Active: 4 [PAXG(L-0.6%) S(S+2.9%) SOL(L+0.3%) ETH(L+0.6%)] | Analyzing: 48 | Exits: 0 | Entries: 0 | Partials: 0
[2026-02-12T06:44:46.141Z] [Sentinel] 📊 Cycle #649 | Active: 4 [PAXG(L-0.6%) S(S+2.9%) SOL(L+0.4%) ETH(L+0.6%)] | Analyzing: 48 | Exits: 0 | Entries: 0 | Partials: 0
[2026-02-12T06:45:46.159Z] [Sentinel] 📊 Cycle #655 | Active: 4 [PAXG(L-0.6%) S(S+3.0%) SOL(L+0.4%) ETH(L+0.6%)] | Analyzing: 48 | Exits: 0 | Entries: 0 | Partials: 0
[2026-02-12T06:46:46.194Z] [Sentinel] 📊 Cycle #661 | Active: 4 [PAXG(L-0.6%) S(S+2.8%) SOL(L+0.5%) ETH(L+0.7%)] | Analyzing: 48 | Exits: 0 | Entries: 0 | Partials: 0
[2026-02-12T06:47:46.178Z] [Sentinel] 📊 Cycle #667 | Active: 4 [PAXG(L-0.7%) S(S+2.8%) SOL(L+0.3%) ETH(L+0.5%)] | Analyzing: 48 | Exits: 0 | Entries: 0 | Partials: 0
[2026-02-12T06:48:46.381Z] [Sentinel] 📊 Cycle #673 | Active: 4 [PAXG(L-0.7%) S(S+2.7%) SOL(L+0.3%) ETH(L+0.6%)] | Analyzing: 48 | Exits: 0 | Entries: 0 | Partials: 0
[2026-02-12T06:49:46.683Z] [Sentinel] 📊 Cycle #679 | Active: 4 [PAXG(L-0.7%) S(S+2.5%) SOL(L+0.3%) ETH(L+0.5%)] | Analyzing: 48 | Exits: 0 | Entries: 0 | Partials: 0
[2026-02-12T06:50:46.366Z] [Sentinel] 📊 Cycle #685 | Active: 4 [PAXG(L-0.6%) S(S+2.4%) SOL(L+0.2%) ETH(L+0.4%)] | Analyzing: 48 | Exits: 0 | Entries: 0 | Partials: 0
[2026-02-12T06:51:46.194Z] [Sentinel] 📊 Cycle #691 | Active: 4 [PAXG(L-0.6%) S(S+2.3%) SOL(L+0.2%) ETH(L+0.5%)] | Analyzing: 48 | Exits: 0 | Entries: 0 | Partials: 0
[2026-02-12T06:52:46.443Z] [Sentinel] 📊 Cycle #697 | Active: 4 [PAXG(L-0.6%) S(S+2.1%) SOL(L+0.2%) ETH(L+0.5%)] | Analyzing: 48 | Exits: 0 | Entries: 0 | Partials: 0
[2026-02-12T06:53:46.380Z] [Sentinel] 📊 Cycle #703 | Active: 4 [PAXG(L-0.6%) S(S+2.1%) SOL(L+0.2%) ETH(L+0.5%)] | Analyzing: 48 | Exits: 0 | Entries: 0 | Partials: 0
[2026-02-12T06:54:46.408Z] [Sentinel] 📊 Cycle #709 | Active: 4 [PAXG(L-0.6%) S(S+2.0%) SOL(L+0.2%) ETH(L+0.5%)] | Analyzing: 48 | Exits: 0 | Entries: 0 | Partials: 0
[2026-02-12T06:55:46.259Z] [Sentinel] 📊 Cycle #715 | Active: 4 [PAXG(L-0.6%) S(S+1.9%) SOL(L+0.2%) ETH(L+0.5%)] | Analyzing: 48 | Exits: 0 | Entries: 0 | Partials: 0
[2026-02-12T06:56:46.681Z] [Sentinel] 📊 Cycle #721 | Active: 4 [PAXG(L-0.6%) S(S+1.8%) SOL(L+0.2%) ETH(L+0.4%)] | Analyzing: 48 | Exits: 0 | Entries: 0 | Partials: 0
[2026-02-12T06:57:47.027Z] [Sentinel] 📊 Cycle #727 | Active: 4 [PAXG(L-0.6%) S(S+1.6%) SOL(L+0.2%) ETH(L+0.5%)] | Analyzing: 48 | Exits: 0 | Entries: 0 | Partials: 0
[2026-02-12T06:58:46.273Z] [Sentinel] 📊 Cycle #733 | Active: 4 [PAXG(L-0.6%) S(S+1.5%) SOL(L+0.2%) ETH(L+0.4%)] | Analyzing: 48 | Exits: 0 | Entries: 0 | Partials: 0
[2026-02-12T06:59:46.467Z] [Sentinel] 📊 Cycle #739 | Active: 4 [PAXG(L-0.6%) S(S+1.6%) SOL(L+0.2%) ETH(L+0.4%)] | Analyzing: 48 | Exits: 0 | Entries: 0 | Partials: 0
[2026-02-12T07:00:46.517Z] [Sentinel] 📊 Cycle #745 | Active: 4 [PAXG(L-0.6%) S(S+1.4%) SOL(L+0.2%) ETH(L+0.6%)] | Analyzing: 48 | Exits: 0 | Entries: 0 | Partials: 0
[2026-02-12T07:01:46.315Z] [Sentinel] 📊 Cycle #751 | Active: 4 [PAXG(L-0.7%) S(S+1.4%) SOL(L+0.1%) ETH(L+0.4%)] | Analyzing: 48 | Exits: 0 | Entries: 0 | Partials: 0
[2026-02-12T07:02:46.516Z] [Sentinel] 📊 Cycle #757 | Active: 4 [PAXG(L-0.7%) S(S+2.2%) SOL(L+0.0%) ETH(L+0.4%)] | Analyzing: 48 | Exits: 0 | Entries: 0 | Partials: 0
[2026-02-12T07:03:46.344Z] [Sentinel] 📊 Cycle #763 | Active: 4 [PAXG(L-0.7%) S(S+2.0%) SOL(L+0.1%) ETH(L+0.4%)] | Analyzing: 48 | Exits: 0 | Entries: 0 | Partials: 0
[2026-02-12T07:04:46.344Z] [Sentinel] 📊 Cycle #769 | Active: 4 [PAXG(L-0.6%) S(S+2.5%) SOL(L+0.2%) ETH(L+0.5%)] | Analyzing: 48 | Exits: 0 | Entries: 0 | Partials: 0
[2026-02-12T07:05:46.537Z] [Sentinel] 📊 Cycle #775 | Active: 4 [PAXG(L-0.6%) S(S+2.7%) SOL(L+0.2%) ETH(L+0.5%)] | Analyzing: 48 | Exits: 0 | Entries: 0 | Partials: 0
[2026-02-12T07:06:46.370Z] [Sentinel] 📊 Cycle #781 | Active: 4 [PAXG(L-0.6%) S(S+2.7%) SOL(L+0.1%) ETH(L+0.4%)] | Analyzing: 48 | Exits: 0 | Entries: 0 | Partials: 0
[2026-02-12T07:07:46.385Z] [Sentinel] 📊 Cycle #787 | Active: 4 [PAXG(L-0.6%) S(S+2.7%) SOL(L+0.0%) ETH(L+0.3%)] | Analyzing: 48 | Exits: 0 | Entries: 0 | Partials: 0
[2026-02-12T07:08:46.392Z] [Sentinel] 📊 Cycle #793 | Active: 4 [PAXG(L-0.5%) S(S+2.9%) SOL(L+0.0%) ETH(L+0.3%)] | Analyzing: 49 | Exits: 0 | Entries: 0 | Partials: 0
[2026-02-12T07:09:46.621Z] [Sentinel] 📊 Cycle #799 | Active: 4 [PAXG(L-0.5%) S(S+3.1%) SOL(L-0.0%) ETH(L+0.2%)] | Analyzing: 49 | Exits: 0 | Entries: 0 | Partials: 0
[2026-02-12T07:10:46.801Z] [Sentinel] 📊 Cycle #805 | Active: 4 [PAXG(L-0.5%) S(S+3.1%) SOL(L-0.1%) ETH(L+0.2%)] | Analyzing: 49 | Exits: 0 | Entries: 0 | Partials: 0
[2026-02-12T07:11:46.581Z] [Sentinel] 📊 Cycle #811 | Active: 4 [PAXG(L-0.5%) S(S+3.0%) SOL(L-0.1%) ETH(L+0.2%)] | Analyzing: 49 | Exits: 0 | Entries: 0 | Partials: 0
[2026-02-12T07:12:46.571Z] [Sentinel] 📊 Cycle #817 | Active: 4 [PAXG(L-0.5%) S(S+3.0%) SOL(L-0.1%) ETH(L+0.2%)] | Analyzing: 49 | Exits: 0 | Entries: 0 | Partials: 0
[2026-02-12T07:13:46.424Z] [Sentinel] 📊 Cycle #823 | Active: 4 [PAXG(L-0.5%) S(S+2.6%) SOL(L-0.0%) ETH(L+0.3%)] | Analyzing: 49 | Exits: 0 | Entries: 0 | Partials: 0
[2026-02-12T07:14:46.660Z] [Sentinel] 📊 Cycle #829 | Active: 4 [PAXG(L-0.5%) S(S+2.8%) SOL(L-0.0%) ETH(L+0.3%)] | Analyzing: 49 | Exits: 0 | Entries: 0 | Partials: 0
[2026-02-12T07:15:46.425Z] [Sentinel] 📊 Cycle #835 | Active: 4 [PAXG(L-0.5%) S(S+2.8%) SOL(L-0.1%) ETH(L+0.2%)] | Analyzing: 49 | Exits: 0 | Entries: 0 | Partials: 0
[2026-02-12T07:16:46.439Z] [Sentinel] 📊 Cycle #841 | Active: 4 [PAXG(L-0.5%) S(S+3.1%) SOL(L-0.0%) ETH(L+0.3%)] | Analyzing: 49 | Exits: 0 | Entries: 0 | Partials: 0
[2026-02-12T07:17:46.834Z] [Sentinel] 📊 Cycle #847 | Active: 4 [PAXG(L-0.5%) S(S+2.9%) SOL(L+0.0%) ETH(L+0.4%)] | Analyzing: 49 | Exits: 0 | Entries: 0 | Partials: 0
[2026-02-12T07:18:46.617Z] [Sentinel] 📊 Cycle #853 | Active: 4 [PAXG(L-0.5%) S(S+2.9%) SOL(L+0.0%) ETH(L+0.3%)] | Analyzing: 49 | Exits: 0 | Entries: 0 | Partials: 0
[2026-02-12T07:19:46.631Z] [Sentinel] 📊 Cycle #859 | Active: 4 [PAXG(L-0.6%) S(S+3.0%) SOL(L+0.0%) ETH(L+0.3%)] | Analyzing: 49 | Exits: 0 | Entries: 0 | Partials: 0
[2026-02-12T07:20:46.685Z] [Sentinel] 📊 Cycle #865 | Active: 4 [PAXG(L-0.5%) S(S+3.2%) SOL(L+0.2%) ETH(L+0.4%)] | Analyzing: 49 | Exits: 0 | Entries: 0 | Partials: 0
[2026-02-12T07:21:46.507Z] [Sentinel] 📊 Cycle #871 | Active: 4 [PAXG(L-0.6%) S(S+3.3%) SOL(L+0.1%) ETH(L+0.4%)] | Analyzing: 49 | Exits: 0 | Entries: 0 | Partials: 0
[2026-02-12T07:22:46.501Z] [Sentinel] 📊 Cycle #877 | Active: 4 [PAXG(L-0.6%) S(S+3.2%) SOL(L+0.1%) ETH(L+0.4%)] | Analyzing: 49 | Exits: 0 | Entries: 0 | Partials: 0
[2026-02-12T07:23:46.836Z] [Sentinel] 📊 Cycle #883 | Active: 4 [PAXG(L-0.6%) S(S+3.1%) SOL(L+0.2%) ETH(L+0.5%)] | Analyzing: 49 | Exits: 0 | Entries: 0 | Partials: 0
[2026-02-12T07:24:46.512Z] [Sentinel] 📊 Cycle #889 | Active: 4 [PAXG(L-0.6%) S(S+3.1%) SOL(L+0.3%) ETH(L+0.5%)] | Analyzing: 49 | Exits: 0 | Entries: 0 | Partials: 0
[2026-02-12T07:25:46.675Z] [Sentinel] 📊 Cycle #895 | Active: 4 [PAXG(L-0.6%) S(S+2.8%) SOL(L+0.5%) ETH(L+0.7%)] | Analyzing: 49 | Exits: 0 | Entries: 0 | Partials: 0
[2026-02-12T07:26:46.662Z] [Sentinel] 📊 Cycle #901 | Active: 4 [PAXG(L-0.6%) S(S+2.9%) SOL(L+0.5%) ETH(L+0.7%)] | Analyzing: 49 | Exits: 0 | Entries: 0 | Partials: 0
[2026-02-12T07:27:46.524Z] [Sentinel] 📊 Cycle #907 | Active: 4 [PAXG(L-0.5%) S(S+2.8%) SOL(L+0.5%) ETH(L+0.7%)] | Analyzing: 49 | Exits: 0 | Entries: 0 | Partials: 0
[2026-02-12T07:28:46.920Z] [Sentinel] 📊 Cycle #913 | Active: 4 [PAXG(L-0.5%) S(S+2.9%) SOL(L+0.5%) ETH(L+0.6%)] | Analyzing: 49 | Exits: 0 | Entries: 0 | Partials: 0
[2026-02-12T07:29:46.571Z] [Sentinel] 📊 Cycle #919 | Active: 4 [PAXG(L-0.5%) S(S+3.3%) SOL(L+0.5%) ETH(L+0.6%)] | Analyzing: 49 | Exits: 0 | Entries: 0 | Partials: 0
[2026-02-12T07:30:46.619Z] [Sentinel] 📊 Cycle #925 | Active: 4 [PAXG(L-0.5%) S(S+3.3%) SOL(L+0.5%) ETH(L+0.6%)] | Analyzing: 49 | Exits: 0 | Entries: 0 | Partials: 0
